<?xml version="1.0" encoding="UTF-8"?>
<!-- Generated by org.testng.reporters.JUnitReportReporter -->
<testsuite skipped="0" hostname="chandru-LP" name="com.tests.NewTest" tests="1" failures="0" timestamp="04 Feb 2019 10:13:30 GMT" time="0.321" errors="0">
  <testcase name="f" time="0.321" classname="com.tests.NewTest"/>
</testsuite> <!-- com.tests.NewTest -->
